{"uid":"435c3cd732579ec9","name":"Загрузка файла","fullName":"ui.InteractionsWithElementsTests.fileUploadTest","historyId":"8787c68544cbad3734c254872865a540","time":{"start":1768424512888,"stop":1768424513464,"duration":576},"description":"","status":"broken","statusMessage":"invalid argument: File not found : /home/runner/work/gradle-properties/gradle-properties/build/resources/test/new.txt\n  (Session info: chrome=143.0.7499.169)\nBuild info: version: '4.38.0', revision: '6b412e825c*'\nSystem info: os.name: 'Linux', os.arch: 'amd64', os.version: '6.11.0-1018-azure', java.version: '17.0.17'\nDriver info: org.openqa.selenium.remote.RemoteWebDriver\nCommand: [f3070206ecb2ddf8bfec9a0cab93ec47, sendKeysToElement {value=[Ljava.lang.CharSequence;@21539796, id=f.6D021652B9FC16AFC56C603608E5F7FA.d.5459B9482C55AD0FF5237E496BD59C8E.e.18}]\nCapabilities {acceptInsecureCerts: false, browserName: chrome, browserVersion: 143.0.7499.169, chrome: {chromedriverVersion: 143.0.7499.169 (164b20aab62..., userDataDir: /tmp/.org.chromium.Chromium...}, fedcm:accounts: true, goog:chromeOptions: {debuggerAddress: localhost:42083}, goog:loggingPrefs: {browser: ALL}, goog:processID: 2780, networkConnectionEnabled: false, pageLoadStrategy: normal, platformName: linux, proxy: Proxy(), se:bidiEnabled: false, se:cdp: ws://172.18.0.2:4444/sessio..., se:cdpVersion: 143.0.7499.169, se:containerName: 579d34134ff5, se:deleteSessionOnUi: true, se:downloadsEnabled: true, se:noVncPort: 7900, se:vnc: ws://172.18.0.2:4444/sessio..., se:vncEnabled: true, se:vncLocalAddress: ws://172.18.0.2:7900, setWindowRect: true, strictFileInteractability: false, timeouts: {implicit: 0, pageLoad: 300000, script: 30000}, unhandledPromptBehavior: dismiss and notify, webauthn:extension:credBlob: true, webauthn:extension:largeBlob: true, webauthn:extension:minPinLength: true, webauthn:extension:prf: true, webauthn:virtualAuthenticators: true}\nElement: [[RemoteWebDriver: chrome on linux (f3070206ecb2ddf8bfec9a0cab93ec47)] -> css selector: [name='my-file']]\nSession ID: f3070206ecb2ddf8bfec9a0cab93ec47","statusTrace":"org.openqa.selenium.InvalidArgumentException: invalid argument: File not found : /home/runner/work/gradle-properties/gradle-properties/build/resources/test/new.txt\n  (Session info: chrome=143.0.7499.169)\nBuild info: version: '4.38.0', revision: '6b412e825c*'\nSystem info: os.name: 'Linux', os.arch: 'amd64', os.version: '6.11.0-1018-azure', java.version: '17.0.17'\nDriver info: org.openqa.selenium.remote.RemoteWebDriver\nCommand: [f3070206ecb2ddf8bfec9a0cab93ec47, sendKeysToElement {value=[Ljava.lang.CharSequence;@21539796, id=f.6D021652B9FC16AFC56C603608E5F7FA.d.5459B9482C55AD0FF5237E496BD59C8E.e.18}]\nCapabilities {acceptInsecureCerts: false, browserName: chrome, browserVersion: 143.0.7499.169, chrome: {chromedriverVersion: 143.0.7499.169 (164b20aab62..., userDataDir: /tmp/.org.chromium.Chromium...}, fedcm:accounts: true, goog:chromeOptions: {debuggerAddress: localhost:42083}, goog:loggingPrefs: {browser: ALL}, goog:processID: 2780, networkConnectionEnabled: false, pageLoadStrategy: normal, platformName: linux, proxy: Proxy(), se:bidiEnabled: false, se:cdp: ws://172.18.0.2:4444/sessio..., se:cdpVersion: 143.0.7499.169, se:containerName: 579d34134ff5, se:deleteSessionOnUi: true, se:downloadsEnabled: true, se:noVncPort: 7900, se:vnc: ws://172.18.0.2:4444/sessio..., se:vncEnabled: true, se:vncLocalAddress: ws://172.18.0.2:7900, setWindowRect: true, strictFileInteractability: false, timeouts: {implicit: 0, pageLoad: 300000, script: 30000}, unhandledPromptBehavior: dismiss and notify, webauthn:extension:credBlob: true, webauthn:extension:largeBlob: true, webauthn:extension:minPinLength: true, webauthn:extension:prf: true, webauthn:virtualAuthenticators: true}\nElement: [[RemoteWebDriver: chrome on linux (f3070206ecb2ddf8bfec9a0cab93ec47)] -> css selector: [name='my-file']]\nSession ID: f3070206ecb2ddf8bfec9a0cab93ec47\n\tat java.base/jdk.internal.reflect.NativeConstructorAccessorImpl.newInstance0(Native Method)\n\tat java.base/jdk.internal.reflect.NativeConstructorAccessorImpl.newInstance(NativeConstructorAccessorImpl.java:77)\n\tat java.base/jdk.internal.reflect.DelegatingConstructorAccessorImpl.newInstance(DelegatingConstructorAccessorImpl.java:45)\n\tat java.base/java.lang.reflect.Constructor.newInstanceWithCaller(Constructor.java:500)\n\tat java.base/java.lang.reflect.Constructor.newInstance(Constructor.java:481)\n\tat org.openqa.selenium.remote.ErrorCodec.decode(ErrorCodec.java:167)\n\tat org.openqa.selenium.remote.codec.w3c.W3CHttpResponseCodec.decode(W3CHttpResponseCodec.java:138)\n\tat org.openqa.selenium.remote.codec.w3c.W3CHttpResponseCodec.decode(W3CHttpResponseCodec.java:50)\n\tat org.openqa.selenium.remote.HttpCommandExecutor.execute(HttpCommandExecutor.java:215)\n\tat org.openqa.selenium.remote.TracedCommandExecutor.execute(TracedCommandExecutor.java:53)\n\tat org.openqa.selenium.remote.RemoteWebDriver.execute(RemoteWebDriver.java:557)\n\tat org.openqa.selenium.remote.RemoteWebElement.execute(RemoteWebElement.java:223)\n\tat org.openqa.selenium.remote.RemoteWebElement.sendKeys(RemoteWebElement.java:110)\n\tat ui.InteractionsWithElementsTests.fileUploadTest(InteractionsWithElementsTests.java:185)\n\tat java.base/java.lang.reflect.Method.invoke(Method.java:569)\n\tat java.base/java.util.ArrayList.forEach(ArrayList.java:1511)\n\tat java.base/java.util.ArrayList.forEach(ArrayList.java:1511)\n","flaky":false,"newFailed":false,"newBroken":false,"newPassed":false,"retriesCount":0,"retriesStatusChange":false,"beforeStages":[{"name":"initConfig","time":{"start":1768424509328,"stop":1768424509331,"duration":3},"status":"passed","steps":[],"attachments":[],"parameters":[],"stepsCount":0,"shouldDisplayMessage":false,"attachmentsCount":0,"hasContent":false,"attachmentStep":false},{"name":"setup","time":{"start":1768424512889,"stop":1768424513151,"duration":262},"status":"passed","steps":[],"attachments":[{"uid":"91569f2c3878b55d","name":"Remote run","source":"91569f2c3878b55d.txt","type":"text/plain","size":47}],"parameters":[],"stepsCount":0,"shouldDisplayMessage":false,"attachmentsCount":1,"hasContent":true,"attachmentStep":false},{"name":"initWebForm","time":{"start":1768424513151,"stop":1768424513331,"duration":180},"status":"passed","steps":[],"attachments":[],"parameters":[],"stepsCount":0,"shouldDisplayMessage":false,"attachmentsCount":0,"hasContent":false,"attachmentStep":false}],"testStage":{"description":"","status":"broken","statusMessage":"invalid argument: File not found : /home/runner/work/gradle-properties/gradle-properties/build/resources/test/new.txt\n  (Session info: chrome=143.0.7499.169)\nBuild info: version: '4.38.0', revision: '6b412e825c*'\nSystem info: os.name: 'Linux', os.arch: 'amd64', os.version: '6.11.0-1018-azure', java.version: '17.0.17'\nDriver info: org.openqa.selenium.remote.RemoteWebDriver\nCommand: [f3070206ecb2ddf8bfec9a0cab93ec47, sendKeysToElement {value=[Ljava.lang.CharSequence;@21539796, id=f.6D021652B9FC16AFC56C603608E5F7FA.d.5459B9482C55AD0FF5237E496BD59C8E.e.18}]\nCapabilities {acceptInsecureCerts: false, browserName: chrome, browserVersion: 143.0.7499.169, chrome: {chromedriverVersion: 143.0.7499.169 (164b20aab62..., userDataDir: /tmp/.org.chromium.Chromium...}, fedcm:accounts: true, goog:chromeOptions: {debuggerAddress: localhost:42083}, goog:loggingPrefs: {browser: ALL}, goog:processID: 2780, networkConnectionEnabled: false, pageLoadStrategy: normal, platformName: linux, proxy: Proxy(), se:bidiEnabled: false, se:cdp: ws://172.18.0.2:4444/sessio..., se:cdpVersion: 143.0.7499.169, se:containerName: 579d34134ff5, se:deleteSessionOnUi: true, se:downloadsEnabled: true, se:noVncPort: 7900, se:vnc: ws://172.18.0.2:4444/sessio..., se:vncEnabled: true, se:vncLocalAddress: ws://172.18.0.2:7900, setWindowRect: true, strictFileInteractability: false, timeouts: {implicit: 0, pageLoad: 300000, script: 30000}, unhandledPromptBehavior: dismiss and notify, webauthn:extension:credBlob: true, webauthn:extension:largeBlob: true, webauthn:extension:minPinLength: true, webauthn:extension:prf: true, webauthn:virtualAuthenticators: true}\nElement: [[RemoteWebDriver: chrome on linux (f3070206ecb2ddf8bfec9a0cab93ec47)] -> css selector: [name='my-file']]\nSession ID: f3070206ecb2ddf8bfec9a0cab93ec47","statusTrace":"org.openqa.selenium.InvalidArgumentException: invalid argument: File not found : /home/runner/work/gradle-properties/gradle-properties/build/resources/test/new.txt\n  (Session info: chrome=143.0.7499.169)\nBuild info: version: '4.38.0', revision: '6b412e825c*'\nSystem info: os.name: 'Linux', os.arch: 'amd64', os.version: '6.11.0-1018-azure', java.version: '17.0.17'\nDriver info: org.openqa.selenium.remote.RemoteWebDriver\nCommand: [f3070206ecb2ddf8bfec9a0cab93ec47, sendKeysToElement {value=[Ljava.lang.CharSequence;@21539796, id=f.6D021652B9FC16AFC56C603608E5F7FA.d.5459B9482C55AD0FF5237E496BD59C8E.e.18}]\nCapabilities {acceptInsecureCerts: false, browserName: chrome, browserVersion: 143.0.7499.169, chrome: {chromedriverVersion: 143.0.7499.169 (164b20aab62..., userDataDir: /tmp/.org.chromium.Chromium...}, fedcm:accounts: true, goog:chromeOptions: {debuggerAddress: localhost:42083}, goog:loggingPrefs: {browser: ALL}, goog:processID: 2780, networkConnectionEnabled: false, pageLoadStrategy: normal, platformName: linux, proxy: Proxy(), se:bidiEnabled: false, se:cdp: ws://172.18.0.2:4444/sessio..., se:cdpVersion: 143.0.7499.169, se:containerName: 579d34134ff5, se:deleteSessionOnUi: true, se:downloadsEnabled: true, se:noVncPort: 7900, se:vnc: ws://172.18.0.2:4444/sessio..., se:vncEnabled: true, se:vncLocalAddress: ws://172.18.0.2:7900, setWindowRect: true, strictFileInteractability: false, timeouts: {implicit: 0, pageLoad: 300000, script: 30000}, unhandledPromptBehavior: dismiss and notify, webauthn:extension:credBlob: true, webauthn:extension:largeBlob: true, webauthn:extension:minPinLength: true, webauthn:extension:prf: true, webauthn:virtualAuthenticators: true}\nElement: [[RemoteWebDriver: chrome on linux (f3070206ecb2ddf8bfec9a0cab93ec47)] -> css selector: [name='my-file']]\nSession ID: f3070206ecb2ddf8bfec9a0cab93ec47\n\tat java.base/jdk.internal.reflect.NativeConstructorAccessorImpl.newInstance0(Native Method)\n\tat java.base/jdk.internal.reflect.NativeConstructorAccessorImpl.newInstance(NativeConstructorAccessorImpl.java:77)\n\tat java.base/jdk.internal.reflect.DelegatingConstructorAccessorImpl.newInstance(DelegatingConstructorAccessorImpl.java:45)\n\tat java.base/java.lang.reflect.Constructor.newInstanceWithCaller(Constructor.java:500)\n\tat java.base/java.lang.reflect.Constructor.newInstance(Constructor.java:481)\n\tat org.openqa.selenium.remote.ErrorCodec.decode(ErrorCodec.java:167)\n\tat org.openqa.selenium.remote.codec.w3c.W3CHttpResponseCodec.decode(W3CHttpResponseCodec.java:138)\n\tat org.openqa.selenium.remote.codec.w3c.W3CHttpResponseCodec.decode(W3CHttpResponseCodec.java:50)\n\tat org.openqa.selenium.remote.HttpCommandExecutor.execute(HttpCommandExecutor.java:215)\n\tat org.openqa.selenium.remote.TracedCommandExecutor.execute(TracedCommandExecutor.java:53)\n\tat org.openqa.selenium.remote.RemoteWebDriver.execute(RemoteWebDriver.java:557)\n\tat org.openqa.selenium.remote.RemoteWebElement.execute(RemoteWebElement.java:223)\n\tat org.openqa.selenium.remote.RemoteWebElement.sendKeys(RemoteWebElement.java:110)\n\tat ui.InteractionsWithElementsTests.fileUploadTest(InteractionsWithElementsTests.java:185)\n\tat java.base/java.lang.reflect.Method.invoke(Method.java:569)\n\tat java.base/java.util.ArrayList.forEach(ArrayList.java:1511)\n\tat java.base/java.util.ArrayList.forEach(ArrayList.java:1511)\n","steps":[{"name":"Получение отображаемого элемента: тип=CSS_SELECTOR, значение=[name='my-file']","time":{"start":1768424513332,"stop":1768424513361,"duration":29},"status":"passed","steps":[],"attachments":[],"parameters":[{"name":"type","value":"CSS_SELECTOR"},{"name":"value","value":"[name='my-file']"}],"stepsCount":0,"shouldDisplayMessage":false,"attachmentsCount":0,"hasContent":true,"attachmentStep":false}],"attachments":[],"parameters":[],"stepsCount":1,"shouldDisplayMessage":true,"attachmentsCount":0,"hasContent":true,"attachmentStep":false},"afterStages":[{"name":"tearDown","time":{"start":1768424513387,"stop":1768424513460,"duration":73},"status":"passed","steps":[],"attachments":[],"parameters":[],"stepsCount":0,"shouldDisplayMessage":false,"attachmentsCount":0,"hasContent":false,"attachmentStep":false}],"labels":[{"name":"tag","value":"Interactions"},{"name":"junit.platform.uniqueid","value":"[engine:junit-jupiter]/[class:ui.InteractionsWithElementsTests]/[method:fileUploadTest()]"},{"name":"host","value":"runnervmi13qx"},{"name":"thread","value":"3339@runnervmi13qx.Test worker(1)"},{"name":"framework","value":"junit-platform"},{"name":"language","value":"java"},{"name":"package","value":"ui.InteractionsWithElementsTests"},{"name":"testClass","value":"ui.InteractionsWithElementsTests"},{"name":"testMethod","value":"fileUploadTest"},{"name":"suite","value":"ui.InteractionsWithElementsTests"},{"name":"severity","value":"normal"},{"name":"resultFormat","value":"allure2"}],"parameters":[],"links":[],"hidden":false,"retry":false,"extra":{"severity":"normal","retries":[],"categories":[{"name":"Test defects","matchedStatuses":[],"flaky":false}],"history":{"statistic":{"failed":0,"broken":7,"skipped":0,"passed":0,"unknown":0,"total":7},"items":[{"uid":"24a2f1ebb98da82f","reportUrl":"https://bantikbabochki.github.io/gradle-properties/21/#testresult/24a2f1ebb98da82f","status":"broken","statusDetails":"invalid argument: File not found : /home/runner/work/gradle-properties/gradle-properties/build/resources/test/new.txt\n  (Session info: chrome=143.0.7499.169)\nBuild info: version: '4.38.0', revision: '6b412e825c*'\nSystem info: os.name: 'Linux', os.arch: 'amd64', os.version: '6.11.0-1018-azure', java.version: '17.0.17'\nDriver info: org.openqa.selenium.remote.RemoteWebDriver\nCommand: [bc8ac097d4ed782f183d9aad9acf9fe3, sendKeysToElement {value=[Ljava.lang.CharSequence;@2305aad0, id=f.13BEC113DF95F73DE6D4D984B8BCFA67.d.EE96FBE34474AA824E618B75EDDE5CEE.e.18}]\nCapabilities {acceptInsecureCerts: false, browserName: chrome, browserVersion: 143.0.7499.169, chrome: {chromedriverVersion: 143.0.7499.169 (164b20aab62..., userDataDir: /tmp/.org.chromium.Chromium...}, fedcm:accounts: true, goog:chromeOptions: {debuggerAddress: localhost:34607}, goog:loggingPrefs: {browser: ALL}, goog:processID: 2777, networkConnectionEnabled: false, pageLoadStrategy: normal, platformName: linux, proxy: Proxy(), se:bidiEnabled: false, se:cdp: ws://172.18.0.2:4444/sessio..., se:cdpVersion: 143.0.7499.169, se:containerName: 6eeb0c806766, se:deleteSessionOnUi: true, se:downloadsEnabled: true, se:noVncPort: 7900, se:vnc: ws://172.18.0.2:4444/sessio..., se:vncEnabled: true, se:vncLocalAddress: ws://172.18.0.2:7900, setWindowRect: true, strictFileInteractability: false, timeouts: {implicit: 0, pageLoad: 300000, script: 30000}, unhandledPromptBehavior: dismiss and notify, webauthn:extension:credBlob: true, webauthn:extension:largeBlob: true, webauthn:extension:minPinLength: true, webauthn:extension:prf: true, webauthn:virtualAuthenticators: true}\nElement: [[RemoteWebDriver: chrome on linux (bc8ac097d4ed782f183d9aad9acf9fe3)] -> css selector: [name='my-file']]\nSession ID: bc8ac097d4ed782f183d9aad9acf9fe3","time":{"start":1768423969862,"stop":1768423970402,"duration":540}},{"uid":"c35de316e30b0733","reportUrl":"https://bantikbabochki.github.io/gradle-properties/20/#testresult/c35de316e30b0733","status":"broken","statusDetails":"invalid argument: File not found : /home/runner/work/gradle-properties/gradle-properties/build/resources/test/new.txt\n  (Session info: chrome=143.0.7499.169)\nBuild info: version: '4.38.0', revision: '6b412e825c*'\nSystem info: os.name: 'Linux', os.arch: 'amd64', os.version: '6.11.0-1018-azure', java.version: '17.0.17'\nDriver info: org.openqa.selenium.remote.RemoteWebDriver\nCommand: [469e92f3b45818bcd35584f690a8749b, sendKeysToElement {value=[Ljava.lang.CharSequence;@1c41931a, id=f.4B2A0E8E0E689889DB23DE469FEBBB7B.d.715493006887B094125D4A75688D4C8B.e.18}]\nCapabilities {acceptInsecureCerts: false, browserName: chrome, browserVersion: 143.0.7499.169, chrome: {chromedriverVersion: 143.0.7499.169 (164b20aab62..., userDataDir: /tmp/.org.chromium.Chromium...}, fedcm:accounts: true, goog:chromeOptions: {debuggerAddress: localhost:40535}, goog:loggingPrefs: {browser: ALL}, goog:processID: 2774, networkConnectionEnabled: false, pageLoadStrategy: normal, platformName: linux, proxy: Proxy(), se:bidiEnabled: false, se:cdp: ws://172.18.0.2:4444/sessio..., se:cdpVersion: 143.0.7499.169, se:containerName: e2cc616e713e, se:deleteSessionOnUi: true, se:downloadsEnabled: true, se:noVncPort: 7900, se:vnc: ws://172.18.0.2:4444/sessio..., se:vncEnabled: true, se:vncLocalAddress: ws://172.18.0.2:7900, setWindowRect: true, strictFileInteractability: false, timeouts: {implicit: 0, pageLoad: 300000, script: 30000}, unhandledPromptBehavior: dismiss and notify, webauthn:extension:credBlob: true, webauthn:extension:largeBlob: true, webauthn:extension:minPinLength: true, webauthn:extension:prf: true, webauthn:virtualAuthenticators: true}\nElement: [[RemoteWebDriver: chrome on linux (469e92f3b45818bcd35584f690a8749b)] -> css selector: [name='my-file']]\nSession ID: 469e92f3b45818bcd35584f690a8749b","time":{"start":1768421477272,"stop":1768421477802,"duration":530}},{"uid":"cc84a8b578f08a34","reportUrl":"https://bantikbabochki.github.io/gradle-properties/19/#testresult/cc84a8b578f08a34","status":"broken","statusDetails":"java.lang.NullPointerException","time":{"start":1768419863459,"stop":1768419863837,"duration":378}},{"uid":"fb93d5ebf8ee3d9f","reportUrl":"https://bantikbabochki.github.io/gradle-properties/18/#testresult/fb93d5ebf8ee3d9f","status":"broken","statusDetails":"java.lang.NullPointerException","time":{"start":1768418551230,"stop":1768418551595,"duration":365}},{"uid":"4015e67e7215305f","reportUrl":"https://bantikbabochki.github.io/gradle-properties/14/#testresult/4015e67e7215305f","status":"broken","statusDetails":"java.lang.NullPointerException","time":{"start":1768408835435,"stop":1768408835800,"duration":365}},{"uid":"eaebdaad260a6f4b","reportUrl":"https://bantikbabochki.github.io/gradle-properties/13/#testresult/eaebdaad260a6f4b","status":"broken","statusDetails":"java.lang.NullPointerException","time":{"start":1768408373806,"stop":1768408374165,"duration":359}}]},"tags":["Interactions"]},"source":"435c3cd732579ec9.json","parameterValues":[]}